Using pre-set license

 COMMAND LINE ARGUMENTS:
/Applications/Unity/Hub/Editor/2020.3.12f1/Unity.app/Contents/MacOS/Unity
-adb2
-batchMode
-noUpm
-name
AssetImportWorker0
-projectPath
/Users/ravikundu/# Company Proj/Unity_Project/CityPlanning
-logFile
Logs/AssetImportWorker0.log
-srvPort
49677
Successfully changed project path to: /Users/ravikundu/# Company Proj/Unity_Project/CityPlanning
/Users/ravikundu/# Company Proj/Unity_Project/CityPlanning
Using Asset Import Pipeline V2.
Refreshing native plugins compatible for Editor in 86.75 ms, found 5 plugins.
Preloading 0 native plugins for Editor in 0.00 ms.
Initialize engine version: 2020.3.12f1 (b3b2c6512326)
[Subsystems] Discovering subsystems at path /Applications/Unity/Hub/Editor/2020.3.12f1/Unity.app/Contents/Resources/UnitySubsystems
[Subsystems] Discovering subsystems at path /Users/ravikundu/# Company Proj/Unity_Project/CityPlanning/Assets
GfxDevice: creating device client; threaded=0
2022-01-27 18:52:25.084 Unity[1333:23284] Color LCD preferred device: Intel(R) Iris(TM) Graphics 6100 (low power)
2022-01-27 18:52:25.084 Unity[1333:23284] Metal devices available: 1
2022-01-27 18:52:25.084 Unity[1333:23284] 0: Intel(R) Iris(TM) Graphics 6100 (low power)
2022-01-27 18:52:25.085 Unity[1333:23284] Using device Intel(R) Iris(TM) Graphics 6100 (low power)
Initializing Metal device caps: Intel(R) Iris(TM) Graphics 6100
Initialize mono
Mono path[0] = '/Applications/Unity/Hub/Editor/2020.3.12f1/Unity.app/Contents/Managed'
Mono path[1] = '/Applications/Unity/Hub/Editor/2020.3.12f1/Unity.app/Contents/MonoBleedingEdge/lib/mono/unityjit'
Mono config path = '/Applications/Unity/Hub/Editor/2020.3.12f1/Unity.app/Contents/MonoBleedingEdge/etc'
Using monoOptions --debugger-agent=transport=dt_socket,embedding=1,server=y,suspend=n,address=127.0.0.1:56333
Begin MonoManager ReloadAssembly
Registering precompiled unity dll's ...
Register platform support module: /Applications/Unity/Hub/Editor/2020.3.12f1/PlaybackEngines/WebGLSupport/UnityEditor.WebGL.Extensions.dll
Register platform support module: /Applications/Unity/Hub/Editor/2020.3.12f1/Unity.app/Contents/PlaybackEngines/MacStandaloneSupport/UnityEditor.OSXStandalone.Extensions.dll
Register platform support module: /Applications/Unity/Hub/Editor/2020.3.12f1/PlaybackEngines/WindowsStandaloneSupport/UnityEditor.WindowsStandalone.Extensions.dll
Registered in 0.002252 seconds.
Native extension for WindowsStandalone target not found
Native extension for OSXStandalone target not found
Native extension for WebGL target not found
Refreshing native plugins compatible for Editor in 61.67 ms, found 5 plugins.
Preloading 0 native plugins for Editor in 0.00 ms.
Mono: successfully reloaded assembly
- Completed reload, in  8.231 seconds
Platform modules already initialized, skipping
Registering precompiled user dll's ...
Registered in 0.009949 seconds.
Begin MonoManager ReloadAssembly
Native extension for WindowsStandalone target not found
Native extension for OSXStandalone target not found
Native extension for WebGL target not found
Refreshing native plugins compatible for Editor in 0.81 ms, found 5 plugins.
Preloading 0 native plugins for Editor in 0.00 ms.
[ScriptCompilation] NOT recompiling all scripts because this is an import worker process. Reason to compile was: Define symbols changed
Mono: successfully reloaded assembly
- Completed reload, in  3.291 seconds
Platform modules already initialized, skipping
========================================================================
Worker process is ready to serve import requests
Launching external process: /Applications/Unity/Hub/Editor/2020.3.12f1/Unity.app/Contents/Tools/UnityShaderCompiler
Launched and connected shader compiler UnityShaderCompiler after 0.05 seconds
Refreshing native plugins compatible for Editor in 0.79 ms, found 5 plugins.
Preloading 0 native plugins for Editor in 0.00 ms.
Unloading 1913 Unused Serialized files (Serialized files now loaded: 0)
System memory in use before: 172.0 MB.
System memory in use after: 172.1 MB.

Unloading 70 unused Assets to reduce memory usage. Loaded Objects now: 2311.
Total: 4.828355 ms (FindLiveObjects: 0.847173 ms CreateObjectMapping: 0.334723 ms MarkObjects: 3.514854 ms  DeleteObjects: 0.129198 ms)

AssetImportParameters requested are different than current active one (requested -> active):
  custom:video-decoder-ogg-theora: a1e56fd34408186e4bbccfd4996cb3dc -> 
  custom:container-muxer-webm: aa71ff27fc2769a1b78a27578f13a17b -> 
  custom:container-demuxer-webm: 4f35f7cbe854078d1ac9338744f61a02 -> 
  custom:container-demuxer-ogg: 62fdf1f143b41e24485cea50d1cbac27 -> 
  custom:video-encoder-webm-vp8: eb34c28f22e8b96e1ab97ce403110664 -> 
  custom:framework-osx-AVFoundation: e770b220cccbd017edd2c1fefb359320 -> 
  custom:video-decoder-webm-vp8: 9c59270c3fd7afecdb556c50c9e8de78 -> 
  custom:audio-decoder-ogg-vorbis: bf7c407c2cedff20999df2af8eb42d56 -> 
  custom:audio-encoder-webm-vorbis: bf7c407c2cedff20999df2af8eb42d56 -> 
========================================================================
Received Import Request.
  path: Assets/Scenes/JoinScene.unity
  artifactKey: Guid(c297232e687f03c448fe91d1385f9334) Importer(815301076,1909f56bfc062723c751e8b465ee728b)
Start importing Assets/Scenes/JoinScene.unity using Guid(c297232e687f03c448fe91d1385f9334) Importer(815301076,1909f56bfc062723c751e8b465ee728b)  -> (artifact id: '8fcd8c6161e9c0503b70fd072bae0bf3') in 0.018579 seconds 
  Import took 0.022828 seconds .

========================================================================
Received Prepare
Refreshing native plugins compatible for Editor in 33.29 ms, found 4 plugins.
Preloading 0 native plugins for Editor in 0.00 ms.
Unloading 61 Unused Serialized files (Serialized files now loaded: 0)
System memory in use before: 133.6 MB.
System memory in use after: 133.7 MB.

Unloading 61 unused Assets to reduce memory usage. Loaded Objects now: 2311.
Total: 10.288871 ms (FindLiveObjects: 0.274504 ms CreateObjectMapping: 0.130865 ms MarkObjects: 9.412806 ms  DeleteObjects: 0.466526 ms)

AssetImportParameters requested are different than current active one (requested -> active):
  custom:video-decoder-ogg-theora: a1e56fd34408186e4bbccfd4996cb3dc -> 
  custom:container-muxer-webm: aa71ff27fc2769a1b78a27578f13a17b -> 
  custom:container-demuxer-webm: 4f35f7cbe854078d1ac9338744f61a02 -> 
  custom:container-demuxer-ogg: 62fdf1f143b41e24485cea50d1cbac27 -> 
  custom:video-encoder-webm-vp8: eb34c28f22e8b96e1ab97ce403110664 -> 
  custom:framework-osx-AVFoundation: e770b220cccbd017edd2c1fefb359320 -> 
  custom:video-decoder-webm-vp8: 9c59270c3fd7afecdb556c50c9e8de78 -> 
  custom:audio-decoder-ogg-vorbis: bf7c407c2cedff20999df2af8eb42d56 -> 
  custom:audio-encoder-webm-vorbis: bf7c407c2cedff20999df2af8eb42d56 -> 
========================================================================
Received Prepare
Registering precompiled user dll's ...
Registered in 0.018897 seconds.
Begin MonoManager ReloadAssembly
Native extension for WindowsStandalone target not found
Native extension for OSXStandalone target not found
Native extension for WebGL target not found
Refreshing native plugins compatible for Editor in 1.46 ms, found 4 plugins.
Preloading 0 native plugins for Editor in 0.00 ms.
[ScriptCompilation] NOT recompiling all scripts because this is an import worker process. Reason to compile was: Define symbols changed
Mono: successfully reloaded assembly
- Completed reload, in  3.619 seconds
Platform modules already initialized, skipping
Refreshing native plugins compatible for Editor in 2.39 ms, found 4 plugins.
Preloading 0 native plugins for Editor in 0.00 ms.
Unloading 1887 Unused Serialized files (Serialized files now loaded: 0)
System memory in use before: 170.3 MB.
System memory in use after: 170.4 MB.

Unloading 63 unused Assets to reduce memory usage. Loaded Objects now: 2315.
Total: 3.721616 ms (FindLiveObjects: 0.486024 ms CreateObjectMapping: 0.178470 ms MarkObjects: 2.915557 ms  DeleteObjects: 0.139669 ms)

AssetImportParameters requested are different than current active one (requested -> active):
  custom:video-decoder-ogg-theora: a1e56fd34408186e4bbccfd4996cb3dc -> 
  custom:container-muxer-webm: aa71ff27fc2769a1b78a27578f13a17b -> 
  custom:container-demuxer-webm: 4f35f7cbe854078d1ac9338744f61a02 -> 
  custom:container-demuxer-ogg: 62fdf1f143b41e24485cea50d1cbac27 -> 
  custom:video-encoder-webm-vp8: eb34c28f22e8b96e1ab97ce403110664 -> 
  custom:framework-osx-AVFoundation: e770b220cccbd017edd2c1fefb359320 -> 
  custom:video-decoder-webm-vp8: 9c59270c3fd7afecdb556c50c9e8de78 -> 
  custom:audio-decoder-ogg-vorbis: bf7c407c2cedff20999df2af8eb42d56 -> 
  custom:audio-encoder-webm-vorbis: bf7c407c2cedff20999df2af8eb42d56 -> 
========================================================================
Received Import Request.
  Time since last request: 453.075401 seconds.
  path: Assets/Photon/PhotonVoice
  artifactKey: Guid(d3a9df3027b4a45679a2a3e978dde78e) Importer(815301076,1909f56bfc062723c751e8b465ee728b)
Start importing Assets/Photon/PhotonVoice using Guid(d3a9df3027b4a45679a2a3e978dde78e) Importer(815301076,1909f56bfc062723c751e8b465ee728b)  -> (artifact id: '9e117fb875ebcb9ee812b6a2f8e54fbd') in 0.019355 seconds 
  Import took 0.029855 seconds .

========================================================================
Received Import Request.
  Time since last request: 2.567840 seconds.
  path: Assets/Photon/PhotonVoice/PhotonVoiceApi
  artifactKey: Guid(9e8e307f7af3e3c4d9cc63f4693ea415) Importer(815301076,1909f56bfc062723c751e8b465ee728b)
Start importing Assets/Photon/PhotonVoice/PhotonVoiceApi using Guid(9e8e307f7af3e3c4d9cc63f4693ea415) Importer(815301076,1909f56bfc062723c751e8b465ee728b)  -> (artifact id: 'c14582f60993ba5a1e5caf99da6a1d7b') in 0.004966 seconds 
  Import took 0.014440 seconds .

========================================================================
Received Import Request.
  Time since last request: 1.086734 seconds.
  path: Assets/Photon/PhotonVoice/PhotonVoiceLibs
  artifactKey: Guid(38dbafd460e7897409b12dfb8b47a737) Importer(815301076,1909f56bfc062723c751e8b465ee728b)
Start importing Assets/Photon/PhotonVoice/PhotonVoiceLibs using Guid(38dbafd460e7897409b12dfb8b47a737) Importer(815301076,1909f56bfc062723c751e8b465ee728b)  -> (artifact id: '9166abca960b7d24079c6ed24e5b4508') in 0.003209 seconds 
  Import took 0.015619 seconds .

========================================================================
Received Import Request.
  Time since last request: 0.000904 seconds.
  path: Assets/Photon/PhotonVoice/PhotonVoiceLibs
  artifactKey: Guid(38dbafd460e7897409b12dfb8b47a737) Importer(815301076,1909f56bfc062723c751e8b465ee728b)
Start importing Assets/Photon/PhotonVoice/PhotonVoiceLibs using Guid(38dbafd460e7897409b12dfb8b47a737) Importer(815301076,1909f56bfc062723c751e8b465ee728b)  -> (artifact id: '9166abca960b7d24079c6ed24e5b4508') in 0.003596 seconds 
  Import took 0.013893 seconds .

========================================================================
Received Import Request.
  Time since last request: 4.177075 seconds.
  path: Assets/Photon/PhotonVoice/PhotonVoiceLibs/OSX
  artifactKey: Guid(b40d15bac01b7f648b022b4d985af679) Importer(815301076,1909f56bfc062723c751e8b465ee728b)
Start importing Assets/Photon/PhotonVoice/PhotonVoiceLibs/OSX using Guid(b40d15bac01b7f648b022b4d985af679) Importer(815301076,1909f56bfc062723c751e8b465ee728b)  -> (artifact id: '0be08385d4e2c8cf9e4d4c6b496bd6ab') in 0.002308 seconds 
  Import took 0.007179 seconds .

========================================================================
Received Import Request.
  Time since last request: 0.018170 seconds.
  path: Assets/Photon/PhotonVoice/PhotonVoiceLibs/OSX
  artifactKey: Guid(b40d15bac01b7f648b022b4d985af679) Importer(815301076,1909f56bfc062723c751e8b465ee728b)
Start importing Assets/Photon/PhotonVoice/PhotonVoiceLibs/OSX using Guid(b40d15bac01b7f648b022b4d985af679) Importer(815301076,1909f56bfc062723c751e8b465ee728b)  -> (artifact id: '0be08385d4e2c8cf9e4d4c6b496bd6ab') in 0.006044 seconds 
  Import took 0.017555 seconds .

========================================================================
Received Import Request.
  Time since last request: 1.650655 seconds.
  path: Assets/Photon/PhotonVoice/PhotonVoiceLibs/OSX/webrtc-audio.bundle
  artifactKey: Guid(007fd64c7ba71d74fb8390891156c75d) Importer(815301076,1909f56bfc062723c751e8b465ee728b)
Start importing Assets/Photon/PhotonVoice/PhotonVoiceLibs/OSX/webrtc-audio.bundle using Guid(007fd64c7ba71d74fb8390891156c75d) Importer(815301076,1909f56bfc062723c751e8b465ee728b)  -> (artifact id: '17d86c29eaef655cc73eafc1b74f5eee') in 0.475135 seconds 
  Import took 0.479691 seconds .

========================================================================
Received Import Request.
  Time since last request: 4.959373 seconds.
  path: Assets/Photon/PhotonVoice/PhotonVoiceLibs/OSX/AudioIn.bundle
  artifactKey: Guid(ad78c8fac2575f745aa2d0bc5c8c5a8f) Importer(815301076,1909f56bfc062723c751e8b465ee728b)
Start importing Assets/Photon/PhotonVoice/PhotonVoiceLibs/OSX/AudioIn.bundle using Guid(ad78c8fac2575f745aa2d0bc5c8c5a8f) Importer(815301076,1909f56bfc062723c751e8b465ee728b)  -> (artifact id: '76dbb184781d4c67afcb4ad888c045e2') in 0.003570 seconds 
  Import took 0.008833 seconds .

========================================================================
Received Import Request.
  Time since last request: 0.002802 seconds.
  path: Assets/Photon/PhotonVoice/PhotonVoiceLibs/OSX/AudioIn.bundle
  artifactKey: Guid(ad78c8fac2575f745aa2d0bc5c8c5a8f) Importer(815301076,1909f56bfc062723c751e8b465ee728b)
Start importing Assets/Photon/PhotonVoice/PhotonVoiceLibs/OSX/AudioIn.bundle using Guid(ad78c8fac2575f745aa2d0bc5c8c5a8f) Importer(815301076,1909f56bfc062723c751e8b465ee728b)  -> (artifact id: '76dbb184781d4c67afcb4ad888c045e2') in 0.003109 seconds 
  Import took 0.007733 seconds .

========================================================================
Received Import Request.
  Time since last request: 93.411284 seconds.
  path: Assets/Photon/PhotonUnityNetworking/Resources/PhotonServerSettings.asset
  artifactKey: Guid(49d6a0c930bd84146baa32965a978837) Importer(815301076,1909f56bfc062723c751e8b465ee728b)
Start importing Assets/Photon/PhotonUnityNetworking/Resources/PhotonServerSettings.asset using Guid(49d6a0c930bd84146baa32965a978837) Importer(815301076,1909f56bfc062723c751e8b465ee728b)  -> (artifact id: 'e37ba0faafa8123b3d6825ad8e93ec8a') in 1.960630 seconds 
  Import took 1.970237 seconds .

========================================================================
Received Import Request.
  Time since last request: 0.006124 seconds.
  path: Assets/Photon/PhotonUnityNetworking/Resources/PhotonServerSettings.asset
  artifactKey: Guid(49d6a0c930bd84146baa32965a978837) Importer(815301076,1909f56bfc062723c751e8b465ee728b)
Start importing Assets/Photon/PhotonUnityNetworking/Resources/PhotonServerSettings.asset using Guid(49d6a0c930bd84146baa32965a978837) Importer(815301076,1909f56bfc062723c751e8b465ee728b)  -> (artifact id: 'e37ba0faafa8123b3d6825ad8e93ec8a') in 0.003171 seconds 
  Import took 0.008644 seconds .

========================================================================
Received Import Request.
  Time since last request: 55.469517 seconds.
  path: Assets/Photon/PhotonVoice/PhotonVoiceLibs/x86
  artifactKey: Guid(b60c8f4ec20e5c84180bce88bb62e1c9) Importer(815301076,1909f56bfc062723c751e8b465ee728b)
Start importing Assets/Photon/PhotonVoice/PhotonVoiceLibs/x86 using Guid(b60c8f4ec20e5c84180bce88bb62e1c9) Importer(815301076,1909f56bfc062723c751e8b465ee728b)  -> (artifact id: '3c451957936ee116e8e8657b252cc809') in 0.005701 seconds 
  Import took 0.020704 seconds .

========================================================================
Received Import Request.
  Time since last request: 0.001019 seconds.
  path: Assets/Photon/PhotonVoice/PhotonVoiceLibs/x86
  artifactKey: Guid(b60c8f4ec20e5c84180bce88bb62e1c9) Importer(815301076,1909f56bfc062723c751e8b465ee728b)
Start importing Assets/Photon/PhotonVoice/PhotonVoiceLibs/x86 using Guid(b60c8f4ec20e5c84180bce88bb62e1c9) Importer(815301076,1909f56bfc062723c751e8b465ee728b)  -> (artifact id: '3c451957936ee116e8e8657b252cc809') in 0.005037 seconds 
  Import took 0.015039 seconds .

========================================================================
Received Import Request.
  Time since last request: 1.495413 seconds.
  path: Assets/Photon/PhotonVoice/PhotonVoiceLibs/x86/opus_egpv.dll
  artifactKey: Guid(bc6e6ed7f3f9eba44bf580888eff3df7) Importer(815301076,1909f56bfc062723c751e8b465ee728b)
Start importing Assets/Photon/PhotonVoice/PhotonVoiceLibs/x86/opus_egpv.dll using Guid(bc6e6ed7f3f9eba44bf580888eff3df7) Importer(815301076,1909f56bfc062723c751e8b465ee728b)  -> (artifact id: 'c3c2b14dc9b0428bea570abcf2730dea') in 1.348350 seconds 
  Import took 1.352443 seconds .

========================================================================
Received Import Request.
  Time since last request: 42.093246 seconds.
  path: Assets/Photon/PhotonVoice/PhotonVoiceLibs/x86_64
  artifactKey: Guid(10fc8ca3c53c5554b86cdfea54dcdf9d) Importer(815301076,1909f56bfc062723c751e8b465ee728b)
Start importing Assets/Photon/PhotonVoice/PhotonVoiceLibs/x86_64 using Guid(10fc8ca3c53c5554b86cdfea54dcdf9d) Importer(815301076,1909f56bfc062723c751e8b465ee728b)  -> (artifact id: '66f424db25680977f45442f97d02016a') in 0.007834 seconds 
  Import took 0.022201 seconds .

========================================================================
Received Import Request.
  Time since last request: 0.988226 seconds.
  path: Assets/Photon/PhotonVoice/PhotonVoiceLibs/x86_64/opus_egpv.dll
  artifactKey: Guid(07700460c83f30940a12bd7ccd173b9e) Importer(815301076,1909f56bfc062723c751e8b465ee728b)
Start importing Assets/Photon/PhotonVoice/PhotonVoiceLibs/x86_64/opus_egpv.dll using Guid(07700460c83f30940a12bd7ccd173b9e) Importer(815301076,1909f56bfc062723c751e8b465ee728b)  -> (artifact id: 'd8222581489f5f9a7f55fd28ea798153') in 0.003271 seconds 
  Import took 0.009493 seconds .

========================================================================
Received Prepare
Registering precompiled user dll's ...
Registered in 0.014446 seconds.
Begin MonoManager ReloadAssembly
Native extension for WindowsStandalone target not found
Native extension for OSXStandalone target not found
Native extension for WebGL target not found
Refreshing native plugins compatible for Editor in 0.83 ms, found 4 plugins.
Preloading 0 native plugins for Editor in 0.00 ms.
[ScriptCompilation] NOT recompiling all scripts because this is an import worker process. Reason to compile was: Define symbols changed
Mono: successfully reloaded assembly
- Completed reload, in  1.636 seconds
Platform modules already initialized, skipping
Refreshing native plugins compatible for Editor in 0.85 ms, found 4 plugins.
Preloading 0 native plugins for Editor in 0.00 ms.
Unloading 1887 Unused Serialized files (Serialized files now loaded: 0)
System memory in use before: 183.8 MB.
System memory in use after: 183.9 MB.

Unloading 63 unused Assets to reduce memory usage. Loaded Objects now: 2319.
Total: 3.187039 ms (FindLiveObjects: 0.285868 ms CreateObjectMapping: 0.139214 ms MarkObjects: 2.673680 ms  DeleteObjects: 0.086880 ms)

AssetImportParameters requested are different than current active one (requested -> active):
  custom:video-decoder-ogg-theora: a1e56fd34408186e4bbccfd4996cb3dc -> 
  custom:container-muxer-webm: aa71ff27fc2769a1b78a27578f13a17b -> 
  custom:container-demuxer-webm: 4f35f7cbe854078d1ac9338744f61a02 -> 
  custom:container-demuxer-ogg: 62fdf1f143b41e24485cea50d1cbac27 -> 
  custom:video-encoder-webm-vp8: eb34c28f22e8b96e1ab97ce403110664 -> 
  custom:framework-osx-AVFoundation: e770b220cccbd017edd2c1fefb359320 -> 
  custom:video-decoder-webm-vp8: 9c59270c3fd7afecdb556c50c9e8de78 -> 
  custom:audio-decoder-ogg-vorbis: bf7c407c2cedff20999df2af8eb42d56 -> 
  custom:audio-encoder-webm-vorbis: bf7c407c2cedff20999df2af8eb42d56 -> 
========================================================================
Received Prepare
Registering precompiled user dll's ...
Registered in 0.023581 seconds.
Begin MonoManager ReloadAssembly
Native extension for WindowsStandalone target not found
Native extension for OSXStandalone target not found
Native extension for WebGL target not found
Refreshing native plugins compatible for Editor in 1.04 ms, found 5 plugins.
Preloading 0 native plugins for Editor in 0.00 ms.
Mono: successfully reloaded assembly
- Completed reload, in  3.288 seconds
Platform modules already initialized, skipping
Refreshing native plugins compatible for Editor in 0.87 ms, found 5 plugins.
Preloading 0 native plugins for Editor in 0.00 ms.
Unloading 1888 Unused Serialized files (Serialized files now loaded: 0)
System memory in use before: 184.1 MB.
System memory in use after: 184.2 MB.

Unloading 64 unused Assets to reduce memory usage. Loaded Objects now: 2323.
Total: 4.851563 ms (FindLiveObjects: 1.344838 ms CreateObjectMapping: 0.193839 ms MarkObjects: 3.224940 ms  DeleteObjects: 0.082123 ms)

AssetImportParameters requested are different than current active one (requested -> active):
  custom:video-decoder-ogg-theora: a1e56fd34408186e4bbccfd4996cb3dc -> 
  custom:container-muxer-webm: aa71ff27fc2769a1b78a27578f13a17b -> 
  custom:container-demuxer-webm: 4f35f7cbe854078d1ac9338744f61a02 -> 
  custom:container-demuxer-ogg: 62fdf1f143b41e24485cea50d1cbac27 -> 
  custom:video-encoder-webm-vp8: eb34c28f22e8b96e1ab97ce403110664 -> 
  custom:framework-osx-AVFoundation: e770b220cccbd017edd2c1fefb359320 -> 
  custom:video-decoder-webm-vp8: 9c59270c3fd7afecdb556c50c9e8de78 -> 
  custom:audio-decoder-ogg-vorbis: bf7c407c2cedff20999df2af8eb42d56 -> 
  custom:audio-encoder-webm-vorbis: bf7c407c2cedff20999df2af8eb42d56 -> 
========================================================================
Received Import Request.
  Time since last request: 537.786840 seconds.
  path: Assets/Photon/PhotonUnityNetworking/Demos/DemoSlotRacer/Kenney Assets/Stylized city/Materials/11 - Default.mat
  artifactKey: Guid(b7d67d7d7ddb88542b23886a4b496c77) Importer(815301076,1909f56bfc062723c751e8b465ee728b)
Start importing Assets/Photon/PhotonUnityNetworking/Demos/DemoSlotRacer/Kenney Assets/Stylized city/Materials/11 - Default.mat using Guid(b7d67d7d7ddb88542b23886a4b496c77) Importer(815301076,1909f56bfc062723c751e8b465ee728b)  -> (artifact id: 'c3c254461dde48fbdb0897cee7450297') in 0.921129 seconds 
  Import took 0.929219 seconds .

========================================================================
Received Import Request.
  Time since last request: 0.000998 seconds.
  path: Assets/XR/Settings/OpenXR Package Settings.asset
  artifactKey: Guid(7611504f73d6eb64eac042b635d2023b) Importer(815301076,1909f56bfc062723c751e8b465ee728b)
Start importing Assets/XR/Settings/OpenXR Package Settings.asset using Guid(7611504f73d6eb64eac042b635d2023b) Importer(815301076,1909f56bfc062723c751e8b465ee728b)  -> (artifact id: 'cbadde3c94f4beb8452c1e5948fca368') in 0.016894 seconds 
  Import took 0.025875 seconds .

========================================================================
Received Import Request.
  Time since last request: 0.000258 seconds.
  path: Assets/Photon/PhotonVoice/Demos/DemoVoicePun/Stylized city/Materials/20 - Default.mat
  artifactKey: Guid(87d5291daa97cca4b94c73b9923d805c) Importer(815301076,1909f56bfc062723c751e8b465ee728b)
Start importing Assets/Photon/PhotonVoice/Demos/DemoVoicePun/Stylized city/Materials/20 - Default.mat using Guid(87d5291daa97cca4b94c73b9923d805c) Importer(815301076,1909f56bfc062723c751e8b465ee728b)  -> (artifact id: 'c738f42e149d96d8daaeb9199f3abf44') in 0.013286 seconds 
  Import took 0.017789 seconds .

========================================================================
Received Import Request.
  Time since last request: 0.000297 seconds.
  path: Assets/Photon/PhotonVoice/Demos/DemoVoicePun/Stylized city/Materials/13 - Default54.mat
  artifactKey: Guid(e84d2f5f320cc8f4493a38d7e103daaf) Importer(815301076,1909f56bfc062723c751e8b465ee728b)
Start importing Assets/Photon/PhotonVoice/Demos/DemoVoicePun/Stylized city/Materials/13 - Default54.mat using Guid(e84d2f5f320cc8f4493a38d7e103daaf) Importer(815301076,1909f56bfc062723c751e8b465ee728b)  -> (artifact id: 'be592c118c0ebf702af7cb2a4613ce33') in 0.036152 seconds 
  Import took 0.040786 seconds .

========================================================================
Received Import Request.
  Time since last request: 0.000312 seconds.
  path: Assets/Photon/PhotonUnityNetworking/Demos/DemoSlotRacer/Kenney Assets/Racing Kit/Models/Materials/_defaultMat.mat
  artifactKey: Guid(f0a6a86e908f6204ab518387a784ed36) Importer(815301076,1909f56bfc062723c751e8b465ee728b)
Start importing Assets/Photon/PhotonUnityNetworking/Demos/DemoSlotRacer/Kenney Assets/Racing Kit/Models/Materials/_defaultMat.mat using Guid(f0a6a86e908f6204ab518387a784ed36) Importer(815301076,1909f56bfc062723c751e8b465ee728b)  -> (artifact id: '730b661ac333c06274fef678d85a4de7') in 0.012375 seconds 
  Import took 0.017269 seconds .

========================================================================
Received Import Request.
  Time since last request: 0.000306 seconds.
  path: Assets/Photon/PhotonVoice/Demos/DemoVoicePun/Stylized city/Materials/24 - Default.mat
  artifactKey: Guid(8446cb282e1f9f344b56bd75db83f0be) Importer(815301076,1909f56bfc062723c751e8b465ee728b)
Start importing Assets/Photon/PhotonVoice/Demos/DemoVoicePun/Stylized city/Materials/24 - Default.mat using Guid(8446cb282e1f9f344b56bd75db83f0be) Importer(815301076,1909f56bfc062723c751e8b465ee728b)  -> (artifact id: '953fbc85f5e70845d8e606a548f6d23d') in 0.017031 seconds 
  Import took 0.028313 seconds .

========================================================================
Received Import Request.
  Time since last request: 0.000248 seconds.
  path: Assets/Photon/PhotonVoice/Demos/DemoVoicePun/Stylized city/Materials/22 - Default.mat
  artifactKey: Guid(6d1f2caa14bdaee42a8ff48995cb88e3) Importer(815301076,1909f56bfc062723c751e8b465ee728b)
Start importing Assets/Photon/PhotonVoice/Demos/DemoVoicePun/Stylized city/Materials/22 - Default.mat using Guid(6d1f2caa14bdaee42a8ff48995cb88e3) Importer(815301076,1909f56bfc062723c751e8b465ee728b)  -> (artifact id: '3891c0550643d77c8c99bb24b149b7c0') in 0.025930 seconds 
  Import took 0.038088 seconds .

========================================================================
Received Import Request.
  Time since last request: 0.000493 seconds.
  path: Assets/Photon/PhotonUnityNetworking/Demos/DemoSlotRacer/Kenney Assets/Stylized city/Materials/13 - Default22662.mat
  artifactKey: Guid(7d91274cc4a876a439f75445704f421b) Importer(815301076,1909f56bfc062723c751e8b465ee728b)
Start importing Assets/Photon/PhotonUnityNetworking/Demos/DemoSlotRacer/Kenney Assets/Stylized city/Materials/13 - Default22662.mat using Guid(7d91274cc4a876a439f75445704f421b) Importer(815301076,1909f56bfc062723c751e8b465ee728b)  -> (artifact id: 'f35f74e417b59896f2e6e293fe30a729') in 0.012253 seconds 
  Import took 0.019611 seconds .

========================================================================
Received Import Request.
  Time since last request: 0.000314 seconds.
  path: Assets/Photon/PhotonUnityNetworking/Demos/DemoSlotRacer/Kenney Assets/Stylized city/Materials/13 - Default54.mat
  artifactKey: Guid(831e4ea6beda02947bdca5aeb8543156) Importer(815301076,1909f56bfc062723c751e8b465ee728b)
Start importing Assets/Photon/PhotonUnityNetworking/Demos/DemoSlotRacer/Kenney Assets/Stylized city/Materials/13 - Default54.mat using Guid(831e4ea6beda02947bdca5aeb8543156) Importer(815301076,1909f56bfc062723c751e8b465ee728b)  -> (artifact id: '9da4cb34d9703dbb2ea50889d2b94bb0') in 0.016521 seconds 
  Import took 0.026500 seconds .

========================================================================
Received Import Request.
  Time since last request: 0.000264 seconds.
  path: Assets/Photon/PhotonUnityNetworking/Demos/DemoSlotRacer/Kenney Assets/Stylized city/Materials/13 - Default.mat
  artifactKey: Guid(b957742c5b9bfd441b9b330c8b55d0c5) Importer(815301076,1909f56bfc062723c751e8b465ee728b)
Start importing Assets/Photon/PhotonUnityNetworking/Demos/DemoSlotRacer/Kenney Assets/Stylized city/Materials/13 - Default.mat using Guid(b957742c5b9bfd441b9b330c8b55d0c5) Importer(815301076,1909f56bfc062723c751e8b465ee728b)  -> (artifact id: '724ed33db4207c84d82abc1cbb73c4c8') in 0.013601 seconds 
  Import took 0.018627 seconds .

========================================================================
Received Import Request.
  Time since last request: 0.000343 seconds.
  path: Assets/Photon/PhotonVoice/Demos/DemoVoicePun/Stylized city/Materials/13 - Default22662.mat
  artifactKey: Guid(085f0706ad3515b40a2be9b8d2775c26) Importer(815301076,1909f56bfc062723c751e8b465ee728b)
Start importing Assets/Photon/PhotonVoice/Demos/DemoVoicePun/Stylized city/Materials/13 - Default22662.mat using Guid(085f0706ad3515b40a2be9b8d2775c26) Importer(815301076,1909f56bfc062723c751e8b465ee728b)  -> (artifact id: '7f3702488d09222fdf4ec73b3aa8431c') in 0.051226 seconds 
  Import took 0.063934 seconds .

========================================================================
Received Import Request.
  Time since last request: 0.000391 seconds.
  path: Assets/Photon/PhotonUnityNetworking/Demos/DemoSlotRacer/Kenney Assets/Stylized city/Materials/20 - Default.mat
  artifactKey: Guid(4e1a4e79a3548164da24123dbb0f3566) Importer(815301076,1909f56bfc062723c751e8b465ee728b)
Start importing Assets/Photon/PhotonUnityNetworking/Demos/DemoSlotRacer/Kenney Assets/Stylized city/Materials/20 - Default.mat using Guid(4e1a4e79a3548164da24123dbb0f3566) Importer(815301076,1909f56bfc062723c751e8b465ee728b)  -> (artifact id: '4dc3340eb8e75e205e7f741f62ea5979') in 0.013392 seconds 
  Import took 0.020000 seconds .

========================================================================
Received Import Request.
  Time since last request: 0.000420 seconds.
  path: Assets/Photon/PhotonUnityNetworking/Demos/DemoSlotRacer/Kenney Assets/Stylized city/Materials/24 - Default.mat
  artifactKey: Guid(c14837dfa515883428e5652d93e80c72) Importer(815301076,1909f56bfc062723c751e8b465ee728b)
Start importing Assets/Photon/PhotonUnityNetworking/Demos/DemoSlotRacer/Kenney Assets/Stylized city/Materials/24 - Default.mat using Guid(c14837dfa515883428e5652d93e80c72) Importer(815301076,1909f56bfc062723c751e8b465ee728b)  -> (artifact id: '14fc64e375cbac023c0c6ac0563b11b6') in 0.021148 seconds 
  Import took 0.043810 seconds .

========================================================================
Received Import Request.
  Time since last request: 0.001283 seconds.
  path: Assets/Photon/PhotonUnityNetworking/Demos/DemoSlotRacer/Kenney Assets/Stylized city/Materials/22 - Default.mat
  artifactKey: Guid(86080a783905b5740ad2b81f63a2c650) Importer(815301076,1909f56bfc062723c751e8b465ee728b)
Start importing Assets/Photon/PhotonUnityNetworking/Demos/DemoSlotRacer/Kenney Assets/Stylized city/Materials/22 - Default.mat using Guid(86080a783905b5740ad2b81f63a2c650) Importer(815301076,1909f56bfc062723c751e8b465ee728b)  -> (artifact id: '78e70a1691579449b624d8e5d9ec2e4f') in 0.015411 seconds 
  Import took 0.023085 seconds .

========================================================================
Received Import Request.
  Time since last request: 3.421726 seconds.
  path: Assets/Photon/PhotonVoice/PhotonVoiceLibs/x86/AudioIn.dll
  artifactKey: Guid(f29fc88ada95ee44093a371a412da102) Importer(815301076,1909f56bfc062723c751e8b465ee728b)
Start importing Assets/Photon/PhotonVoice/PhotonVoiceLibs/x86/AudioIn.dll using Guid(f29fc88ada95ee44093a371a412da102) Importer(815301076,1909f56bfc062723c751e8b465ee728b)  -> (artifact id: '266fc7e6f3305e7d768312c0c3b5021c') in 0.004504 seconds 
  Import took 0.008558 seconds .

========================================================================
Received Import Request.
  Time since last request: 0.033054 seconds.
  path: Assets/Photon/PhotonVoice/PhotonVoiceLibs/x86/AudioIn.dll
  artifactKey: Guid(f29fc88ada95ee44093a371a412da102) Importer(815301076,1909f56bfc062723c751e8b465ee728b)
Start importing Assets/Photon/PhotonVoice/PhotonVoiceLibs/x86/AudioIn.dll using Guid(f29fc88ada95ee44093a371a412da102) Importer(815301076,1909f56bfc062723c751e8b465ee728b)  -> (artifact id: '266fc7e6f3305e7d768312c0c3b5021c') in 0.005258 seconds 
  Import took 0.018998 seconds .

========================================================================
Received Prepare
Registering precompiled user dll's ...
Registered in 0.019187 seconds.
Begin MonoManager ReloadAssembly
Native extension for WindowsStandalone target not found
Native extension for OSXStandalone target not found
Native extension for WebGL target not found
Refreshing native plugins compatible for Editor in 1.01 ms, found 5 plugins.
Preloading 0 native plugins for Editor in 0.00 ms.
Mono: successfully reloaded assembly
- Completed reload, in  3.472 seconds
Platform modules already initialized, skipping
Refreshing native plugins compatible for Editor in 1.04 ms, found 5 plugins.
Preloading 0 native plugins for Editor in 0.00 ms.
Unloading 1888 Unused Serialized files (Serialized files now loaded: 0)
System memory in use before: 192.6 MB.
System memory in use after: 192.7 MB.

Unloading 64 unused Assets to reduce memory usage. Loaded Objects now: 2367.
Total: 3.482072 ms (FindLiveObjects: 0.455292 ms CreateObjectMapping: 0.218596 ms MarkObjects: 2.704714 ms  DeleteObjects: 0.102106 ms)

AssetImportParameters requested are different than current active one (requested -> active):
  custom:video-decoder-ogg-theora: a1e56fd34408186e4bbccfd4996cb3dc -> 
  custom:container-muxer-webm: aa71ff27fc2769a1b78a27578f13a17b -> 
  custom:container-demuxer-webm: 4f35f7cbe854078d1ac9338744f61a02 -> 
  custom:container-demuxer-ogg: 62fdf1f143b41e24485cea50d1cbac27 -> 
  custom:video-encoder-webm-vp8: eb34c28f22e8b96e1ab97ce403110664 -> 
  custom:framework-osx-AVFoundation: e770b220cccbd017edd2c1fefb359320 -> 
  custom:video-decoder-webm-vp8: 9c59270c3fd7afecdb556c50c9e8de78 -> 
  custom:audio-decoder-ogg-vorbis: bf7c407c2cedff20999df2af8eb42d56 -> 
  custom:audio-encoder-webm-vorbis: bf7c407c2cedff20999df2af8eb42d56 -> 
========================================================================
Received Import Request.
  Time since last request: 363.127388 seconds.
  path: Assets/Photon/PhotonVoice/PhotonVoiceLibs/OSX/opus_egpv.bundle
  artifactKey: Guid(2f0da45daa79a4257b9e5aaf4c9baefb) Importer(815301076,1909f56bfc062723c751e8b465ee728b)
Start importing Assets/Photon/PhotonVoice/PhotonVoiceLibs/OSX/opus_egpv.bundle using Guid(2f0da45daa79a4257b9e5aaf4c9baefb) Importer(815301076,1909f56bfc062723c751e8b465ee728b)  -> (artifact id: 'a2a351e43c801601aa6a3c6fd5441cc7') in 0.024705 seconds 
  Import took 0.038596 seconds .

========================================================================
Received Import Request.
  Time since last request: 0.001862 seconds.
  path: Assets/Photon/PhotonVoice/PhotonVoiceLibs/OSX/opus_egpv.bundle
  artifactKey: Guid(2f0da45daa79a4257b9e5aaf4c9baefb) Importer(815301076,1909f56bfc062723c751e8b465ee728b)
Start importing Assets/Photon/PhotonVoice/PhotonVoiceLibs/OSX/opus_egpv.bundle using Guid(2f0da45daa79a4257b9e5aaf4c9baefb) Importer(815301076,1909f56bfc062723c751e8b465ee728b)  -> (artifact id: 'a2a351e43c801601aa6a3c6fd5441cc7') in 0.002462 seconds 
  Import took 0.007158 seconds .

========================================================================
Received Prepare
Registering precompiled user dll's ...
Registered in 0.011056 seconds.
Begin MonoManager ReloadAssembly
Native extension for WindowsStandalone target not found
Native extension for OSXStandalone target not found
Native extension for WebGL target not found
Refreshing native plugins compatible for Editor in 3.18 ms, found 5 plugins.
Preloading 0 native plugins for Editor in 0.00 ms.
Mono: successfully reloaded assembly
- Completed reload, in  2.535 seconds
Platform modules already initialized, skipping
Refreshing native plugins compatible for Editor in 0.89 ms, found 5 plugins.
Preloading 0 native plugins for Editor in 0.00 ms.
Unloading 1888 Unused Serialized files (Serialized files now loaded: 0)
System memory in use before: 192.9 MB.
System memory in use after: 193.0 MB.

Unloading 64 unused Assets to reduce memory usage. Loaded Objects now: 2371.
Total: 2.438254 ms (FindLiveObjects: 0.320158 ms CreateObjectMapping: 0.147419 ms MarkObjects: 1.890140 ms  DeleteObjects: 0.079485 ms)

AssetImportParameters requested are different than current active one (requested -> active):
  custom:video-decoder-ogg-theora: a1e56fd34408186e4bbccfd4996cb3dc -> 
  custom:container-muxer-webm: aa71ff27fc2769a1b78a27578f13a17b -> 
  custom:container-demuxer-webm: 4f35f7cbe854078d1ac9338744f61a02 -> 
  custom:container-demuxer-ogg: 62fdf1f143b41e24485cea50d1cbac27 -> 
  custom:video-encoder-webm-vp8: eb34c28f22e8b96e1ab97ce403110664 -> 
  custom:framework-osx-AVFoundation: e770b220cccbd017edd2c1fefb359320 -> 
  custom:video-decoder-webm-vp8: 9c59270c3fd7afecdb556c50c9e8de78 -> 
  custom:audio-decoder-ogg-vorbis: bf7c407c2cedff20999df2af8eb42d56 -> 
  custom:audio-encoder-webm-vorbis: bf7c407c2cedff20999df2af8eb42d56 -> 
========================================================================
Received Prepare
Registering precompiled user dll's ...
Registered in 0.014677 seconds.
Begin MonoManager ReloadAssembly
Native extension for WindowsStandalone target not found
Native extension for OSXStandalone target not found
Native extension for WebGL target not found
Refreshing native plugins compatible for Editor in 0.91 ms, found 5 plugins.
Preloading 0 native plugins for Editor in 0.00 ms.
Mono: successfully reloaded assembly
- Completed reload, in  1.988 seconds
Platform modules already initialized, skipping
Refreshing native plugins compatible for Editor in 1.21 ms, found 5 plugins.
Preloading 0 native plugins for Editor in 0.00 ms.
Unloading 1888 Unused Serialized files (Serialized files now loaded: 0)
System memory in use before: 193.1 MB.
System memory in use after: 193.2 MB.

Unloading 64 unused Assets to reduce memory usage. Loaded Objects now: 2375.
Total: 5.886344 ms (FindLiveObjects: 1.004728 ms CreateObjectMapping: 0.280099 ms MarkObjects: 4.415370 ms  DeleteObjects: 0.180579 ms)

AssetImportParameters requested are different than current active one (requested -> active):
  custom:video-decoder-ogg-theora: a1e56fd34408186e4bbccfd4996cb3dc -> 
  custom:container-muxer-webm: aa71ff27fc2769a1b78a27578f13a17b -> 
  custom:container-demuxer-webm: 4f35f7cbe854078d1ac9338744f61a02 -> 
  custom:container-demuxer-ogg: 62fdf1f143b41e24485cea50d1cbac27 -> 
  custom:video-encoder-webm-vp8: eb34c28f22e8b96e1ab97ce403110664 -> 
  custom:framework-osx-AVFoundation: e770b220cccbd017edd2c1fefb359320 -> 
  custom:video-decoder-webm-vp8: 9c59270c3fd7afecdb556c50c9e8de78 -> 
  custom:audio-decoder-ogg-vorbis: bf7c407c2cedff20999df2af8eb42d56 -> 
  custom:audio-encoder-webm-vorbis: bf7c407c2cedff20999df2af8eb42d56 -> 
========================================================================
Received Prepare
Registering precompiled user dll's ...
Registered in 0.012248 seconds.
Begin MonoManager ReloadAssembly
Native extension for WindowsStandalone target not found
Native extension for OSXStandalone target not found
Native extension for WebGL target not found
Refreshing native plugins compatible for Editor in 1.83 ms, found 5 plugins.
Preloading 0 native plugins for Editor in 0.00 ms.
Mono: successfully reloaded assembly
- Completed reload, in  3.640 seconds
Platform modules already initialized, skipping
Refreshing native plugins compatible for Editor in 1.13 ms, found 5 plugins.
Preloading 0 native plugins for Editor in 0.00 ms.
Unloading 1888 Unused Serialized files (Serialized files now loaded: 0)
System memory in use before: 193.4 MB.
System memory in use after: 193.5 MB.

Unloading 64 unused Assets to reduce memory usage. Loaded Objects now: 2379.
Total: 3.783581 ms (FindLiveObjects: 0.363725 ms CreateObjectMapping: 0.165327 ms MarkObjects: 3.140501 ms  DeleteObjects: 0.112080 ms)

AssetImportParameters requested are different than current active one (requested -> active):
  custom:video-decoder-ogg-theora: a1e56fd34408186e4bbccfd4996cb3dc -> 
  custom:container-muxer-webm: aa71ff27fc2769a1b78a27578f13a17b -> 
  custom:container-demuxer-webm: 4f35f7cbe854078d1ac9338744f61a02 -> 
  custom:container-demuxer-ogg: 62fdf1f143b41e24485cea50d1cbac27 -> 
  custom:video-encoder-webm-vp8: eb34c28f22e8b96e1ab97ce403110664 -> 
  custom:framework-osx-AVFoundation: e770b220cccbd017edd2c1fefb359320 -> 
  custom:video-decoder-webm-vp8: 9c59270c3fd7afecdb556c50c9e8de78 -> 
  custom:audio-decoder-ogg-vorbis: bf7c407c2cedff20999df2af8eb42d56 -> 
  custom:audio-encoder-webm-vorbis: bf7c407c2cedff20999df2af8eb42d56 -> 
========================================================================
Received Import Request.
  Time since last request: 1001.479942 seconds.
  path: Assets/Photon/PhotonVoice/Demos
  artifactKey: Guid(02eaf2197466645d19f3dbd3c5195a8c) Importer(815301076,1909f56bfc062723c751e8b465ee728b)
Start importing Assets/Photon/PhotonVoice/Demos using Guid(02eaf2197466645d19f3dbd3c5195a8c) Importer(815301076,1909f56bfc062723c751e8b465ee728b)  -> (artifact id: '5145ba99148980c6def989b7251080bf') in 0.010005 seconds 
  Import took 0.035121 seconds .

========================================================================
Received Import Request.
  Time since last request: 1.480371 seconds.
  path: Assets/Photon/PhotonVoice/Demos/DemoProximityVoiceChat
  artifactKey: Guid(a7681f9ae5d473840b3dc0948e3ee2f8) Importer(815301076,1909f56bfc062723c751e8b465ee728b)
Start importing Assets/Photon/PhotonVoice/Demos/DemoProximityVoiceChat using Guid(a7681f9ae5d473840b3dc0948e3ee2f8) Importer(815301076,1909f56bfc062723c751e8b465ee728b)  -> (artifact id: 'f9747b53a2e3b59f3060d0c5062e95c5') in 0.006047 seconds 
  Import took 0.020370 seconds .

========================================================================
Received Import Request.
  Time since last request: 0.000451 seconds.
  path: Assets/Photon/PhotonVoice/Demos/DemoProximityVoiceChat
  artifactKey: Guid(a7681f9ae5d473840b3dc0948e3ee2f8) Importer(815301076,1909f56bfc062723c751e8b465ee728b)
Start importing Assets/Photon/PhotonVoice/Demos/DemoProximityVoiceChat using Guid(a7681f9ae5d473840b3dc0948e3ee2f8) Importer(815301076,1909f56bfc062723c751e8b465ee728b)  -> (artifact id: 'f9747b53a2e3b59f3060d0c5062e95c5') in 0.005330 seconds 
  Import took 0.016587 seconds .

========================================================================
Received Import Request.
  Time since last request: 1.645059 seconds.
  path: Assets/Photon/PhotonVoice/Demos/DemoVoiceMinimal
  artifactKey: Guid(e10e9b656665a45d0a51acc8c8633c7b) Importer(815301076,1909f56bfc062723c751e8b465ee728b)
Start importing Assets/Photon/PhotonVoice/Demos/DemoVoiceMinimal using Guid(e10e9b656665a45d0a51acc8c8633c7b) Importer(815301076,1909f56bfc062723c751e8b465ee728b)  -> (artifact id: '124864f35c94e0362aac43816fcfaf0f') in 0.005615 seconds 
  Import took 0.021750 seconds .

========================================================================
Received Import Request.
  Time since last request: 1.182177 seconds.
  path: Assets/Photon/PhotonVoice/Demos/DemoVoicePun
  artifactKey: Guid(d1e344cdb4e8e41299f2e43488941ff7) Importer(815301076,1909f56bfc062723c751e8b465ee728b)
Start importing Assets/Photon/PhotonVoice/Demos/DemoVoicePun using Guid(d1e344cdb4e8e41299f2e43488941ff7) Importer(815301076,1909f56bfc062723c751e8b465ee728b)  -> (artifact id: 'a0579d6b0d7e443aaee2993e4a61432f') in 0.002599 seconds 
  Import took 0.008637 seconds .

========================================================================
Received Import Request.
  Time since last request: 1.172467 seconds.
  path: Assets/Photon/PhotonVoice/Demos/DemoVoiceUI
  artifactKey: Guid(e1e8d94455b3e471d920f46bddf4df80) Importer(815301076,1909f56bfc062723c751e8b465ee728b)
Start importing Assets/Photon/PhotonVoice/Demos/DemoVoiceUI using Guid(e1e8d94455b3e471d920f46bddf4df80) Importer(815301076,1909f56bfc062723c751e8b465ee728b)  -> (artifact id: '1e33f508c119aa917f1ee51deef86290') in 0.002263 seconds 
  Import took 0.016569 seconds .

========================================================================
Received Import Request.
  Time since last request: 0.003028 seconds.
  path: Assets/Photon/PhotonVoice/Demos/DemoVoiceUI
  artifactKey: Guid(e1e8d94455b3e471d920f46bddf4df80) Importer(815301076,1909f56bfc062723c751e8b465ee728b)
Start importing Assets/Photon/PhotonVoice/Demos/DemoVoiceUI using Guid(e1e8d94455b3e471d920f46bddf4df80) Importer(815301076,1909f56bfc062723c751e8b465ee728b)  -> (artifact id: '1e33f508c119aa917f1ee51deef86290') in 0.005212 seconds 
  Import took 0.020058 seconds .

========================================================================
Received Import Request.
  Time since last request: 2.348149 seconds.
  path: Assets/Photon/PhotonVoice/Demos/DemoVoicePun/DemoVoicePun-Scene.unity
  artifactKey: Guid(a3f3c3b3816924199acba595045624d2) Importer(815301076,1909f56bfc062723c751e8b465ee728b)
Start importing Assets/Photon/PhotonVoice/Demos/DemoVoicePun/DemoVoicePun-Scene.unity using Guid(a3f3c3b3816924199acba595045624d2) Importer(815301076,1909f56bfc062723c751e8b465ee728b)  -> (artifact id: '2054ae70bc73b60eee27d5981ad7ddb2') in 0.028647 seconds 
  Import took 0.033670 seconds .

========================================================================
Received Prepare
Registering precompiled user dll's ...
Registered in 0.033877 seconds.
Begin MonoManager ReloadAssembly
Native extension for WindowsStandalone target not found
Native extension for OSXStandalone target not found
Native extension for WebGL target not found
Refreshing native plugins compatible for Editor in 0.88 ms, found 5 plugins.
Preloading 0 native plugins for Editor in 0.00 ms.
Mono: successfully reloaded assembly
- Completed reload, in  2.409 seconds
Platform modules already initialized, skipping
Refreshing native plugins compatible for Editor in 0.97 ms, found 5 plugins.
Preloading 0 native plugins for Editor in 0.00 ms.
Unloading 1888 Unused Serialized files (Serialized files now loaded: 0)
System memory in use before: 193.6 MB.
System memory in use after: 193.7 MB.

Unloading 64 unused Assets to reduce memory usage. Loaded Objects now: 2383.
Total: 2.424916 ms (FindLiveObjects: 0.266282 ms CreateObjectMapping: 0.111001 ms MarkObjects: 1.968259 ms  DeleteObjects: 0.078310 ms)

AssetImportParameters requested are different than current active one (requested -> active):
  custom:video-decoder-ogg-theora: a1e56fd34408186e4bbccfd4996cb3dc -> 
  custom:container-muxer-webm: aa71ff27fc2769a1b78a27578f13a17b -> 
  custom:container-demuxer-webm: 4f35f7cbe854078d1ac9338744f61a02 -> 
  custom:container-demuxer-ogg: 62fdf1f143b41e24485cea50d1cbac27 -> 
  custom:video-encoder-webm-vp8: eb34c28f22e8b96e1ab97ce403110664 -> 
  custom:framework-osx-AVFoundation: e770b220cccbd017edd2c1fefb359320 -> 
  custom:video-decoder-webm-vp8: 9c59270c3fd7afecdb556c50c9e8de78 -> 
  custom:audio-decoder-ogg-vorbis: bf7c407c2cedff20999df2af8eb42d56 -> 
  custom:audio-encoder-webm-vorbis: bf7c407c2cedff20999df2af8eb42d56 -> 
========================================================================
Received Import Request.
  Time since last request: 91.703531 seconds.
  path: Assets/Scenes/JoinScene.unity
  artifactKey: Guid(c297232e687f03c448fe91d1385f9334) Importer(815301076,1909f56bfc062723c751e8b465ee728b)
Start importing Assets/Scenes/JoinScene.unity using Guid(c297232e687f03c448fe91d1385f9334) Importer(815301076,1909f56bfc062723c751e8b465ee728b)  -> (artifact id: '6a729f6dd93bf0909164dd9f1f148fb6') in 0.033839 seconds 
  Import took 0.050007 seconds .

========================================================================
Received Import Request.
  Time since last request: 87.797743 seconds.
  path: Assets/Photon/PhotonUnityNetworking/Resources/PhotonServerSettings.asset
  artifactKey: Guid(49d6a0c930bd84146baa32965a978837) Importer(815301076,1909f56bfc062723c751e8b465ee728b)
Start importing Assets/Photon/PhotonUnityNetworking/Resources/PhotonServerSettings.asset using Guid(49d6a0c930bd84146baa32965a978837) Importer(815301076,1909f56bfc062723c751e8b465ee728b)  -> (artifact id: '97f59f778e5711ddd01a099378e7c13a') in 0.007835 seconds 
  Import took 0.020938 seconds .

========================================================================
Received Import Request.
  Time since last request: 0.015818 seconds.
  path: Assets/Photon/PhotonUnityNetworking/Resources/PhotonServerSettings.asset
  artifactKey: Guid(49d6a0c930bd84146baa32965a978837) Importer(815301076,1909f56bfc062723c751e8b465ee728b)
Start importing Assets/Photon/PhotonUnityNetworking/Resources/PhotonServerSettings.asset using Guid(49d6a0c930bd84146baa32965a978837) Importer(815301076,1909f56bfc062723c751e8b465ee728b)  -> (artifact id: '97f59f778e5711ddd01a099378e7c13a') in 0.015573 seconds 
  Import took 0.021645 seconds .

========================================================================
Received Import Request.
  Time since last request: 29.843130 seconds.
  path: Assets/Photon/PhotonUnityNetworking/Resources/PhotonServerSettings.asset
  artifactKey: Guid(49d6a0c930bd84146baa32965a978837) Importer(815301076,1909f56bfc062723c751e8b465ee728b)
Start importing Assets/Photon/PhotonUnityNetworking/Resources/PhotonServerSettings.asset using Guid(49d6a0c930bd84146baa32965a978837) Importer(815301076,1909f56bfc062723c751e8b465ee728b)  -> (artifact id: '025df76e6dc60319718e2609d2cb6a8c') in 0.021193 seconds 
  Import took 0.043915 seconds .

